<?xml version="1.0" encoding="UTF-8"?>
<!-- Generated by org.testng.reporters.JUnitReportReporter -->
<testsuite skipped="0" hostname="LAPTOP-BETSHQ70" name="Assessment.Assesment.Assesment1" tests="1" failures="0" timestamp="2020-12-14T16:26:38 IST" time="22.288" errors="0">
  <testcase name="TC_1" time="22.288" classname="Assessment.Assesment.Assesment1"/>
  <system-out/>
</testsuite> <!-- Assessment.Assesment.Assesment1 -->
